2022-07-07 00:04:24  INFO  - com.company.YouTubeApplication  - Starting YouTubeApplication using Java 17.0.2 on LAPTOP-0A2TJCAS with PID 7396 (C:\Users\SUKHROB\IdeaProjects\YouTube\target\classes started by SUKHROB in C:\Users\SUKHROB\IdeaProjects\YouTube)
2022-07-07 00:04:24  INFO  - com.company.YouTubeApplication  - No active profile set, falling back to 1 default profile: "default"
2022-07-07 00:04:25  INFO  - org.springframework.data.repository.config.RepositoryConfigurationDelegate  - Bootstrapping Spring Data JPA repositories in DEFAULT mode.
2022-07-07 00:04:25  INFO  - org.springframework.data.repository.config.RepositoryConfigurationDelegate  - Finished Spring Data repository scanning in 37 ms. Found 5 JPA repository interfaces.
2022-07-07 00:04:25  INFO  - org.springframework.boot.web.embedded.tomcat.TomcatWebServer  - Tomcat initialized with port(s): 8080 (http)
2022-07-07 00:04:25  INFO  - org.apache.catalina.core.StandardService  - Starting service [Tomcat]
2022-07-07 00:04:25  INFO  - org.apache.catalina.core.StandardEngine  - Starting Servlet engine: [Apache Tomcat/9.0.64]
2022-07-07 00:04:25  INFO  - org.apache.catalina.core.ContainerBase.[Tomcat].[localhost].[/]  - Initializing Spring embedded WebApplicationContext
2022-07-07 00:04:25  INFO  - org.springframework.boot.web.servlet.context.ServletWebServerApplicationContext  - Root WebApplicationContext: initialization completed in 1221 ms
2022-07-07 00:04:26  INFO  - org.hibernate.jpa.internal.util.LogHelper  - HHH000204: Processing PersistenceUnitInfo [name: default]
2022-07-07 00:04:26  INFO  - org.hibernate.Version  - HHH000412: Hibernate ORM core version 5.6.9.Final
2022-07-07 00:04:26  INFO  - org.hibernate.annotations.common.Version  - HCANN000001: Hibernate Commons Annotations {5.1.2.Final}
2022-07-07 00:04:26  INFO  - com.zaxxer.hikari.HikariDataSource  - HikariPool-1 - Starting...
2022-07-07 00:04:26  INFO  - com.zaxxer.hikari.HikariDataSource  - HikariPool-1 - Start completed.
2022-07-07 00:04:26  INFO  - org.hibernate.dialect.Dialect  - HHH000400: Using dialect: org.hibernate.dialect.PostgreSQL10Dialect
2022-07-07 00:04:26  WARN  - org.hibernate.id.UUIDHexGenerator  - HHH000409: Using org.hibernate.id.UUIDHexGenerator which does not generate IETF RFC 4122 compliant UUID values; consider using org.hibernate.id.UUIDGenerator instead
2022-07-07 00:04:26  INFO  - org.hibernate.engine.transaction.jta.platform.internal.JtaPlatformInitiator  - HHH000490: Using JtaPlatform implementation: [org.hibernate.engine.transaction.jta.platform.internal.NoJtaPlatform]
2022-07-07 00:04:26  INFO  - org.springframework.orm.jpa.LocalContainerEntityManagerFactoryBean  - Initialized JPA EntityManagerFactory for persistence unit 'default'
2022-07-07 00:04:27  WARN  - org.springframework.boot.autoconfigure.orm.jpa.JpaBaseConfiguration$JpaWebConfiguration  - spring.jpa.open-in-view is enabled by default. Therefore, database queries may be performed during view rendering. Explicitly configure spring.jpa.open-in-view to disable this warning
2022-07-07 00:04:27  INFO  - org.springframework.security.web.DefaultSecurityFilterChain  - Will secure any request with [org.springframework.security.web.session.DisableEncodeUrlFilter@639bf405, org.springframework.security.web.context.request.async.WebAsyncManagerIntegrationFilter@eda7dd3, org.springframework.security.web.context.SecurityContextPersistenceFilter@6fe91918, org.springframework.security.web.header.HeaderWriterFilter@429dde4d, org.springframework.security.web.authentication.logout.LogoutFilter@981d9d2, com.company.config.JwtTokenFilter@7eea934d, org.springframework.security.web.savedrequest.RequestCacheAwareFilter@f5b4ca6, org.springframework.security.web.servletapi.SecurityContextHolderAwareRequestFilter@1512efe9, org.springframework.security.web.authentication.AnonymousAuthenticationFilter@9d7a853, org.springframework.security.web.session.SessionManagementFilter@35a2ea5a, org.springframework.security.web.access.ExceptionTranslationFilter@65fe1f47, org.springframework.security.web.access.intercept.FilterSecurityInterceptor@66c32e15]
2022-07-07 00:04:27  INFO  - org.springframework.boot.web.embedded.tomcat.TomcatWebServer  - Tomcat started on port(s): 8080 (http) with context path ''
2022-07-07 00:04:28  INFO  - com.company.YouTubeApplication  - Started YouTubeApplication in 3.697 seconds (JVM running for 4.573)
2022-07-07 00:04:32  INFO  - org.apache.catalina.core.ContainerBase.[Tomcat].[localhost].[/]  - Initializing Spring DispatcherServlet 'dispatcherServlet'
2022-07-07 00:04:32  INFO  - org.springframework.web.servlet.DispatcherServlet  - Initializing Servlet 'dispatcherServlet'
2022-07-07 00:04:32  INFO  - org.springframework.web.servlet.DispatcherServlet  - Completed initialization in 0 ms
2022-07-07 00:05:51  INFO  - org.springframework.orm.jpa.LocalContainerEntityManagerFactoryBean  - Closing JPA EntityManagerFactory for persistence unit 'default'
2022-07-07 00:05:51  INFO  - com.zaxxer.hikari.HikariDataSource  - HikariPool-1 - Shutdown initiated...
2022-07-07 00:05:51  INFO  - com.zaxxer.hikari.HikariDataSource  - HikariPool-1 - Shutdown completed.
